app/build/outputs/logs/manifest-merger-debug-report.txt
-- Merging decision tree log ---
manifest
ADDED from src\main\AndroidManifest.xml:2:1-69:12
	package
		ADDED from src\main\AndroidManifest.xml:3:5-33
		INJECTED from src\main\AndroidManifest.xml
		INJECTED from src\main\AndroidManifest.xml
	android:versionName
		ADDED from src\main\AndroidManifest.xml:5:5-30
		INJECTED from src\main\AndroidManifest.xml
		INJECTED from src\main\AndroidManifest.xml
	android:versionCode
		ADDED from src\main\AndroidManifest.xml:4:5-28
		INJECTED from src\main\AndroidManifest.xml
		INJECTED from src\main\AndroidManifest.xml
	xmlns:android
		ADDED from src\main\AndroidManifest.xml:2:11-69
uses-permission#android.permission.INTERNET
ADDED from src\main\AndroidManifest.xml:7:5-67
	android:name
		ADDED from src\main\AndroidManifest.xml:7:22-64
uses-permission#android.permission.WRITE_EXTERNAL_STORAGE
ADDED from src\main\AndroidManifest.xml:8:5-81
	android:name
		ADDED from src\main\AndroidManifest.xml:8:22-78
uses-permission#android.permission.ACCESS_NETWORK_STATE
ADDED from src\main\AndroidManifest.xml:9:5-79
	android:name
		ADDED from src\main\AndroidManifest.xml:9:22-76
uses-permission#android.permission.RECEIVE_BOOT_COMPLETED
ADDED from src\main\AndroidManifest.xml:10:5-81
	android:name
		ADDED from src\main\AndroidManifest.xml:10:22-78
uses-permission#android.permission.VIBRATE
ADDED from src\main\AndroidManifest.xml:11:5-66
	android:name
		ADDED from src\main\AndroidManifest.xml:11:22-63
uses-permission#android.permission.WAKE_LOCK
ADDED from src\main\AndroidManifest.xml:12:2-65
	android:name
		ADDED from src\main\AndroidManifest.xml:12:19-62
uses-permission#android.permission.GET_ACCOUNTS
ADDED from src\main\AndroidManifest.xml:13:2-68
	android:name
		ADDED from src\main\AndroidManifest.xml:13:19-65
uses-permission#android.permission.ACCESS_FINE_LOCATION
ADDED from src\main\AndroidManifest.xml:14:2-76
	android:name
		ADDED from src\main\AndroidManifest.xml:14:19-73
uses-permission#com.google.android.c2dm.permission.RECEIVE
ADDED from src\main\AndroidManifest.xml:15:2-79
	android:name
		ADDED from src\main\AndroidManifest.xml:15:19-76
permission#com.pykod.webtoapp.permission.C2D_MESSAGE
ADDED from src\main\AndroidManifest.xml:17:2-18:67
	android:protectionLevel
		ADDED from src\main\AndroidManifest.xml:17:14-49
	android:name
		ADDED from src\main\AndroidManifest.xml:18:8-64
uses-permission#com.sherdle.webtoapp.permission.C2D_MESSAGE
ADDED from src\main\AndroidManifest.xml:19:2-80
	android:name
		ADDED from src\main\AndroidManifest.xml:19:19-77
application
ADDED from src\main\AndroidManifest.xml:21:5-67:19
MERGED from [com.google.android.gms:play-services:6.5.87] AndroidManifest.xml:20:5-24:19
MERGED from [com.android.support:support-v4:21.0.0] AndroidManifest.xml:16:5-19
	android:label
		ADDED from src\main\AndroidManifest.xml:23:9-41
	android:icon
		ADDED from src\main\AndroidManifest.xml:22:9-45
	android:theme
		ADDED from src\main\AndroidManifest.xml:24:9-40
	android:name
		ADDED from src\main\AndroidManifest.xml:25:9-46
meta-data#com.google.android.gms.version
ADDED from src\main\AndroidManifest.xml:26:9-27:71
MERGED from [com.google.android.gms:play-services:6.5.87] AndroidManifest.xml:21:9-23:69
	android:value
		ADDED from src\main\AndroidManifest.xml:27:16-69
	android:name
		ADDED from src\main\AndroidManifest.xml:26:20-65
activity#com.pykod.webtoapp.MainActivity
ADDED from src\main\AndroidManifest.xml:28:9-37:20
	android:label
		ADDED from src\main\AndroidManifest.xml:31:13-45
	android:launchMode
		ADDED from src\main\AndroidManifest.xml:29:13-48
	android:configChanges
		ADDED from src\main\AndroidManifest.xml:32:13-74
	android:name
		ADDED from src\main\AndroidManifest.xml:30:13-59
intent-filter#android.intent.action.MAIN+android.intent.category.LAUNCHER
ADDED from src\main\AndroidManifest.xml:33:13-36:29
action#android.intent.action.MAIN
ADDED from src\main\AndroidManifest.xml:34:17-69
	android:name
		ADDED from src\main\AndroidManifest.xml:34:25-66
category#android.intent.category.LAUNCHER
ADDED from src\main\AndroidManifest.xml:35:17-77
	android:name
		ADDED from src\main\AndroidManifest.xml:35:27-74
activity#com.google.android.gms.ads.AdActivity
ADDED from src\main\AndroidManifest.xml:38:9-39:126
	android:configChanges
		ADDED from src\main\AndroidManifest.xml:39:15-124
	android:name
		ADDED from src\main\AndroidManifest.xml:38:19-71
service#com.parse.PushService
ADDED from src\main\AndroidManifest.xml:41:3-51
	android:name
		ADDED from src\main\AndroidManifest.xml:41:12-48
receiver#com.parse.ParseBroadcastReceiver
ADDED from src\main\AndroidManifest.xml:43:9-48:20
	android:name
		ADDED from src\main\AndroidManifest.xml:43:19-66
intent-filter#android.intent.action.BOOT_COMPLETED+android.intent.action.USER_PRESENT
ADDED from src\main\AndroidManifest.xml:44:13-47:29
action#android.intent.action.BOOT_COMPLETED
ADDED from src\main\AndroidManifest.xml:45:17-79
	android:name
		ADDED from src\main\AndroidManifest.xml:45:25-76
action#android.intent.action.USER_PRESENT
ADDED from src\main\AndroidManifest.xml:46:17-77
	android:name
		ADDED from src\main\AndroidManifest.xml:46:25-74
receiver#com.parse.GcmBroadcastReceiver
ADDED from src\main\AndroidManifest.xml:49:9-57:20
	android:permission
		ADDED from src\main\AndroidManifest.xml:51:13-73
	android:name
		ADDED from src\main\AndroidManifest.xml:50:13-58
intent-filter#com.google.android.c2dm.intent.RECEIVE+com.google.android.c2dm.intent.REGISTRATION+com.sherdle.webtoapp
ADDED from src\main\AndroidManifest.xml:52:13-56:29
action#com.google.android.c2dm.intent.RECEIVE
ADDED from src\main\AndroidManifest.xml:53:17-81
	android:name
		ADDED from src\main\AndroidManifest.xml:53:25-78
action#com.google.android.c2dm.intent.REGISTRATION
ADDED from src\main\AndroidManifest.xml:54:17-86
	android:name
		ADDED from src\main\AndroidManifest.xml:54:25-83
category#com.sherdle.webtoapp
ADDED from src\main\AndroidManifest.xml:55:17-65
	android:name
		ADDED from src\main\AndroidManifest.xml:55:27-62
receiver#com.pykod.webtoapp.Receiver
ADDED from src\main\AndroidManifest.xml:58:3-66:20
	android:exported
		ADDED from src\main\AndroidManifest.xml:60:13-37
	android:name
		ADDED from src\main\AndroidManifest.xml:59:13-55
intent-filter#com.parse.push.intent.DELETE+com.parse.push.intent.OPEN+com.parse.push.intent.RECEIVE
ADDED from src\main\AndroidManifest.xml:61:13-65:29
action#com.parse.push.intent.RECEIVE
ADDED from src\main\AndroidManifest.xml:62:17-72
	android:name
		ADDED from src\main\AndroidManifest.xml:62:25-69
action#com.parse.push.intent.DELETE
ADDED from src\main\AndroidManifest.xml:63:17-71
	android:name
		ADDED from src\main\AndroidManifest.xml:63:25-68
action#com.parse.push.intent.OPEN
ADDED from src\main\AndroidManifest.xml:64:17-69
	android:name
		ADDED from src\main\AndroidManifest.xml:64:25-66
uses-sdk
INJECTED from src\main\AndroidManifest.xml reason: use-sdk injection requested
MERGED from [com.google.android.gms:play-services:6.5.87] AndroidManifest.xml:18:5-42
MERGED from [com.android.support:support-v4:21.0.0] AndroidManifest.xml:15:5-42
	android:targetSdkVersion
		INJECTED from src\main\AndroidManifest.xml
		INJECTED from src\main\AndroidManifest.xml
	android:minSdkVersion
		INJECTED from src\main\AndroidManifest.xml
		INJECTED from src\main\AndroidManifest.xml